<?xml version="1.0" encoding="UTF-8"?>
<!-- Generated by org.testng.reporters.JUnitXMLReporter -->
<testsuite ignored="0" hostname="NB-LT-LO-217" failures="0" tests="4" name="Default test" time="0.876" errors="0" timestamp="2022-01-31T23:25:32 PKT">
  <testcase classname="endToEndAutomation.CommonDataProviderXl" name="commonDataProvider" time="0.004"/>
  <testcase classname="endToEndAutomation.CommonDataProviderXl" name="commonDataProvider" time="0.001">
    <skipped/>
  </testcase> <!-- commonDataProvider -->
  <testcase classname="endToEndAutomation.CommonDataProviderXl" name="commonDataProvider" time="0.0"/>
  <testcase classname="endToEndAutomation.CommonDataProviderXl" name="commonDataProvider" time="0.0">
    <skipped/>
  </testcase> <!-- commonDataProvider -->
</testsuite> <!-- Default test -->
