<?xml version="1.0" encoding="UTF-8"?>
<!-- Generated by org.testng.reporters.JUnitXMLReporter -->
<testsuite ignored="0" hostname="NB-LT-LO-217" failures="0" tests="5" name="Default test" time="0.973" errors="0" timestamp="2022-02-04T12:14:25 PKT">
  <testcase classname="rough.bankManagerSuiteTestcases.AddCustomerTest" name="addCustomerTest" time="0.043"/>
  <testcase classname="rough.bankManagerSuiteTestcases.AddCustomerTest" name="addCustomerTest" time="0.034"/>
  <testcase classname="rough.bankManagerSuiteTestcases.OpenAccountTest" name="openAccountTest" time="0.027"/>
  <testcase classname="rough.bankManagerSuiteTestcases.OpenAccountTest" name="openAccountTest" time="0.027"/>
  <testcase classname="rough.bankManagerSuiteTestcases.OpenAccountTest" name="openAccountTest" time="0.026"/>
</testsuite> <!-- Default test -->
