<?xml version="1.0" encoding="UTF-8"?>
<!-- Generated by org.testng.reporters.JUnitXMLReporter -->
<testsuite ignored="0" hostname="NB-LT-LO-217" failures="0" tests="5" name="Test" time="1.063" errors="0" timestamp="2022-02-03T16:53:04 PKT">
  <testcase classname="rough.AddCustomerSuiteTestcases.OpenAccountTest" name="openAccountTest" time="0.051"/>
  <testcase classname="rough.AddCustomerSuiteTestcases.OpenAccountTest" name="openAccountTest" time="0.035"/>
  <testcase classname="rough.AddCustomerSuiteTestcases.OpenAccountTest" name="openAccountTest" time="0.026"/>
  <testcase classname="rough.AddCustomerSuiteTestcases.AddCustomerTest" name="addCustomerTest" time="0.031"/>
  <testcase classname="rough.AddCustomerSuiteTestcases.AddCustomerTest" name="addCustomerTest" time="0.071"/>
</testsuite> <!-- Test -->
