<?xml version="1.0" encoding="UTF-8"?>
<!-- Generated by org.testng.reporters.JUnitXMLReporter -->
<testsuite ignored="0" hostname="NB-LT-LO-217" failures="1" tests="1" name="validate Title" time="11.287" errors="0" timestamp="2022-01-14T13:47:53 PKT">
  <testcase classname="endToEndAutomation.validateTitle" name="titleValidation" time="0.041">
    <failure type="java.lang.AssertionError" message="expected [FEATURED COURSESewrwe] but found [FEATURED COURSES]">
      <![CDATA[java.lang.AssertionError: expected [FEATURED COURSESewrwe] but found [FEATURED COURSES]
at endToEndAutomation.validateTitle.titleValidation(validateTitle.java:32)
at java.base/java.util.ArrayList.forEach(Unknown Source)
at java.base/java.util.concurrent.FutureTask.run(Unknown Source)
at java.base/java.util.concurrent.ThreadPoolExecutor.runWorker(Unknown Source)
at java.base/java.util.concurrent.ThreadPoolExecutor$Worker.run(Unknown Source)
at java.base/java.lang.Thread.run(Unknown Source)
... Removed 24 stack frames]]>
    </failure>
  </testcase> <!-- titleValidation -->
</testsuite> <!-- validate Title -->
