<?xml version="1.0" encoding="UTF-8"?>
<testng-results ignored="0" total="4" passed="3" failed="1" skipped="0">
  <reporter-output>
  </reporter-output>
  <suite started-at="2022-01-14T13:47:42 PKT" name="Suite" finished-at="2022-01-14T13:47:55 PKT" duration-ms="12514">
    <groups>
    </groups>
    <test started-at="2022-01-14T13:47:42 PKT" name="Validating nav bar" finished-at="2022-01-14T13:47:51 PKT" duration-ms="9115">
      <class name="endToEndAutomation.validateNavBar">
        <test-method is-config="true" signature="setUp()[pri:0, instance:endToEndAutomation.validateNavBar@1bc53649]" started-at="2022-01-14T13:47:42 PKT" name="setUp" finished-at="2022-01-14T13:47:51 PKT" duration-ms="8915" status="PASS">
          <reporter-output>
          </reporter-output>
        </test-method> <!-- setUp -->
        <test-method signature="validateBasePageNavigation()[pri:0, instance:endToEndAutomation.validateNavBar@1bc53649]" started-at="2022-01-14T13:47:51 PKT" name="validateBasePageNavigation" finished-at="2022-01-14T13:47:51 PKT" duration-ms="131" status="PASS">
          <reporter-output>
          </reporter-output>
        </test-method> <!-- validateBasePageNavigation -->
        <test-method is-config="true" signature="teardown()[pri:0, instance:endToEndAutomation.validateNavBar@1bc53649]" started-at="2022-01-14T13:47:51 PKT" name="teardown" finished-at="2022-01-14T13:47:51 PKT" duration-ms="59" status="PASS">
          <reporter-output>
          </reporter-output>
        </test-method> <!-- teardown -->
      </class> <!-- endToEndAutomation.validateNavBar -->
    </test> <!-- Validating nav bar -->
    <test started-at="2022-01-14T13:47:42 PKT" name="App" finished-at="2022-01-14T13:47:52 PKT" duration-ms="9959">
      <class name="endToEndAutomation.App">
        <test-method is-config="true" signature="setUp()[pri:0, instance:endToEndAutomation.App@182b435b]" started-at="2022-01-14T13:47:42 PKT" name="setUp" finished-at="2022-01-14T13:47:52 PKT" duration-ms="9846" status="PASS">
          <reporter-output>
          </reporter-output>
        </test-method> <!-- setUp -->
        <test-method signature="loadingURL()[pri:0, instance:endToEndAutomation.App@182b435b]" started-at="2022-01-14T13:47:52 PKT" name="loadingURL" finished-at="2022-01-14T13:47:52 PKT" duration-ms="50" status="PASS">
          <reporter-output>
          </reporter-output>
        </test-method> <!-- loadingURL -->
        <test-method is-config="true" signature="teardown()[pri:0, instance:endToEndAutomation.App@182b435b]" started-at="2022-01-14T13:47:52 PKT" name="teardown" finished-at="2022-01-14T13:47:52 PKT" duration-ms="60" status="PASS">
          <reporter-output>
          </reporter-output>
        </test-method> <!-- teardown -->
      </class> <!-- endToEndAutomation.App -->
    </test> <!-- App -->
    <test started-at="2022-01-14T13:47:42 PKT" name="validate Title" finished-at="2022-01-14T13:47:53 PKT" duration-ms="11287">
      <class name="endToEndAutomation.validateTitle">
        <test-method is-config="true" signature="setUp()[pri:0, instance:endToEndAutomation.validateTitle@329a1243]" started-at="2022-01-14T13:47:42 PKT" name="setUp" finished-at="2022-01-14T13:47:53 PKT" duration-ms="10905" status="PASS">
          <reporter-output>
          </reporter-output>
        </test-method> <!-- setUp -->
        <test-method signature="titleValidation()[pri:0, instance:endToEndAutomation.validateTitle@329a1243]" started-at="2022-01-14T13:47:53 PKT" name="titleValidation" finished-at="2022-01-14T13:47:53 PKT" duration-ms="41" status="FAIL">
          <exception class="java.lang.AssertionError">
            <message>
              <![CDATA[expected [FEATURED COURSESewrwe] but found [FEATURED COURSES]]]>
            </message>
            <full-stacktrace>
              <![CDATA[java.lang.AssertionError: expected [FEATURED COURSESewrwe] but found [FEATURED COURSES]
at org.testng.Assert.fail(Assert.java:99)
at org.testng.Assert.failNotEquals(Assert.java:1037)
at org.testng.Assert.assertEqualsImpl(Assert.java:140)
at org.testng.Assert.assertEquals(Assert.java:122)
at org.testng.Assert.assertEquals(Assert.java:629)
at org.testng.Assert.assertEquals(Assert.java:639)
at endToEndAutomation.validateTitle.titleValidation(validateTitle.java:32)
at java.base/jdk.internal.reflect.NativeMethodAccessorImpl.invoke0(Native Method)
at java.base/jdk.internal.reflect.NativeMethodAccessorImpl.invoke(Unknown Source)
at java.base/jdk.internal.reflect.DelegatingMethodAccessorImpl.invoke(Unknown Source)
at java.base/java.lang.reflect.Method.invoke(Unknown Source)
at org.testng.internal.MethodInvocationHelper.invokeMethod(MethodInvocationHelper.java:133)
at org.testng.internal.TestInvoker.invokeMethod(TestInvoker.java:598)
at org.testng.internal.TestInvoker.invokeTestMethod(TestInvoker.java:173)
at org.testng.internal.MethodRunner.runInSequence(MethodRunner.java:46)
at org.testng.internal.TestInvoker$MethodInvocationAgent.invoke(TestInvoker.java:824)
at org.testng.internal.TestInvoker.invokeTestMethods(TestInvoker.java:146)
at org.testng.internal.TestMethodWorker.invokeTestMethods(TestMethodWorker.java:146)
at org.testng.internal.TestMethodWorker.run(TestMethodWorker.java:128)
at java.base/java.util.ArrayList.forEach(Unknown Source)
at org.testng.TestRunner.privateRun(TestRunner.java:794)
at org.testng.TestRunner.run(TestRunner.java:596)
at org.testng.SuiteRunner.runTest(SuiteRunner.java:377)
at org.testng.SuiteRunner.access$000(SuiteRunner.java:28)
at org.testng.SuiteRunner$SuiteWorker.run(SuiteRunner.java:418)
at org.testng.internal.thread.ThreadUtil.lambda$execute$0(ThreadUtil.java:64)
at java.base/java.util.concurrent.FutureTask.run(Unknown Source)
at java.base/java.util.concurrent.ThreadPoolExecutor.runWorker(Unknown Source)
at java.base/java.util.concurrent.ThreadPoolExecutor$Worker.run(Unknown Source)
at java.base/java.lang.Thread.run(Unknown Source)
]]>
            </full-stacktrace>
          </exception> <!-- java.lang.AssertionError -->
          <reporter-output>
          </reporter-output>
        </test-method> <!-- titleValidation -->
        <test-method is-config="true" signature="teardown()[pri:0, instance:endToEndAutomation.validateTitle@329a1243]" started-at="2022-01-14T13:47:53 PKT" name="teardown" finished-at="2022-01-14T13:47:53 PKT" duration-ms="48" status="PASS">
          <reporter-output>
          </reporter-output>
        </test-method> <!-- teardown -->
      </class> <!-- endToEndAutomation.validateTitle -->
    </test> <!-- validate Title -->
    <test started-at="2022-01-14T13:47:42 PKT" name="Home Page navigation" finished-at="2022-01-14T13:47:55 PKT" duration-ms="12514">
      <class name="endToEndAutomation.HomePage">
        <test-method is-config="true" signature="setUp()[pri:0, instance:endToEndAutomation.HomePage@40e4ea87]" started-at="2022-01-14T13:47:42 PKT" name="setUp" finished-at="2022-01-14T13:47:45 PKT" duration-ms="2500" status="PASS">
          <reporter-output>
          </reporter-output>
        </test-method> <!-- setUp -->
        <test-method signature="validateUsers()[pri:0, instance:endToEndAutomation.HomePage@40e4ea87]" started-at="2022-01-14T13:47:45 PKT" name="validateUsers" finished-at="2022-01-14T13:47:55 PKT" duration-ms="9932" status="PASS">
          <reporter-output>
          </reporter-output>
        </test-method> <!-- validateUsers -->
        <test-method is-config="true" signature="teardown()[pri:0, instance:endToEndAutomation.HomePage@40e4ea87]" started-at="2022-01-14T13:47:55 PKT" name="teardown" finished-at="2022-01-14T13:47:55 PKT" duration-ms="50" status="PASS">
          <reporter-output>
          </reporter-output>
        </test-method> <!-- teardown -->
      </class> <!-- endToEndAutomation.HomePage -->
    </test> <!-- Home Page navigation -->
  </suite> <!-- Suite -->
</testng-results>
