-------------------------------------------------------------------------------
Test set: TestSuite
-------------------------------------------------------------------------------
Tests run: 4, Failures: 1, Errors: 0, Skipped: 0, Time elapsed: 13.346 s <<< FAILURE! - in TestSuite
endToEndAutomation.validateTitle.titleValidation  Time elapsed: 0.043 s  <<< FAILURE!
java.lang.AssertionError: expected [FEATURED COURSESewrwe] but found [FEATURED COURSES]
	at endToEndAutomation.validateTitle.titleValidation(validateTitle.java:32)

