<?xml version="1.0" encoding="UTF-8"?>
<testng-results ignored="0" total="3" passed="3" failed="0" skipped="0">
  <reporter-output>
  </reporter-output>
  <suite started-at="2022-01-27T11:42:00 PKT" name="Default suite" finished-at="2022-01-27T11:42:28 PKT" duration-ms="28319">
    <groups>
    </groups>
    <test started-at="2022-01-27T11:42:00 PKT" name="Default test" finished-at="2022-01-27T11:42:28 PKT" duration-ms="28319">
      <class name="endToEndAutomation.Calender2">
        <test-method signature="calendar()[pri:0, instance:endToEndAutomation.Calender2@209da20d]" started-at="2022-01-27T11:42:00 PKT" name="calendar" finished-at="2022-01-27T11:42:08 PKT" duration-ms="8570" status="PASS">
          <reporter-output>
          </reporter-output>
        </test-method> <!-- calendar -->
        <test-method signature="calender3()[pri:0, instance:endToEndAutomation.Calender2@209da20d]" started-at="2022-01-27T11:42:08 PKT" name="calender3" finished-at="2022-01-27T11:42:28 PKT" duration-ms="19721" status="PASS">
          <reporter-output>
          </reporter-output>
        </test-method> <!-- calender3 -->
        <test-method signature="getCurrentDay()[pri:0, instance:endToEndAutomation.Calender2@209da20d]" started-at="2022-01-27T11:42:28 PKT" name="getCurrentDay" finished-at="2022-01-27T11:42:28 PKT" duration-ms="2" status="PASS">
          <reporter-output>
          </reporter-output>
        </test-method> <!-- getCurrentDay -->
      </class> <!-- endToEndAutomation.Calender2 -->
    </test> <!-- Default test -->
  </suite> <!-- Default suite -->
</testng-results>
